<?xml version="1.0" encoding="UTF-8"?>
<testsuite xmlns:xsi="http://www.w3.org/2001/XMLSchema-instance" xsi:noNamespaceSchemaLocation="https://maven.apache.org/surefire/maven-surefire-plugin/xsd/surefire-test-report-3.0.xsd" version="3.0" name="TestSuite" time="1.156" tests="1" errors="0" skipped="0" failures="1">
  <properties>
    <property name="gopherProxySet" value="false"/>
    <property name="awt.toolkit" value="sun.lwawt.macosx.LWCToolkit"/>
    <property name="java.specification.version" value="11"/>
    <property name="sun.cpu.isalist" value=""/>
    <property name="sun.jnu.encoding" value="UTF-8"/>
    <property name="java.class.path" value="/Users/jahirul_akhi/eclipse-workspace/MajesticMay.QAF/target/test-classes:/Users/jahirul_akhi/eclipse-workspace/MajesticMay.QAF/target/classes:/Users/jahirul_akhi/.m2/repository/org/seleniumhq/selenium/selenium-java/3.141.59/selenium-java-3.141.59.jar:/Users/jahirul_akhi/.m2/repository/org/seleniumhq/selenium/selenium-api/3.141.59/selenium-api-3.141.59.jar:/Users/jahirul_akhi/.m2/repository/org/seleniumhq/selenium/selenium-chrome-driver/3.141.59/selenium-chrome-driver-3.141.59.jar:/Users/jahirul_akhi/.m2/repository/org/seleniumhq/selenium/selenium-edge-driver/3.141.59/selenium-edge-driver-3.141.59.jar:/Users/jahirul_akhi/.m2/repository/org/seleniumhq/selenium/selenium-firefox-driver/3.141.59/selenium-firefox-driver-3.141.59.jar:/Users/jahirul_akhi/.m2/repository/org/seleniumhq/selenium/selenium-ie-driver/3.141.59/selenium-ie-driver-3.141.59.jar:/Users/jahirul_akhi/.m2/repository/org/seleniumhq/selenium/selenium-opera-driver/3.141.59/selenium-opera-driver-3.141.59.jar:/Users/jahirul_akhi/.m2/repository/org/seleniumhq/selenium/selenium-remote-driver/3.141.59/selenium-remote-driver-3.141.59.jar:/Users/jahirul_akhi/.m2/repository/org/seleniumhq/selenium/selenium-safari-driver/3.141.59/selenium-safari-driver-3.141.59.jar:/Users/jahirul_akhi/.m2/repository/org/seleniumhq/selenium/selenium-support/3.141.59/selenium-support-3.141.59.jar:/Users/jahirul_akhi/.m2/repository/net/bytebuddy/byte-buddy/1.8.15/byte-buddy-1.8.15.jar:/Users/jahirul_akhi/.m2/repository/org/apache/commons/commons-exec/1.3/commons-exec-1.3.jar:/Users/jahirul_akhi/.m2/repository/com/google/guava/guava/25.0-jre/guava-25.0-jre.jar:/Users/jahirul_akhi/.m2/repository/com/google/code/findbugs/jsr305/1.3.9/jsr305-1.3.9.jar:/Users/jahirul_akhi/.m2/repository/org/checkerframework/checker-compat-qual/2.0.0/checker-compat-qual-2.0.0.jar:/Users/jahirul_akhi/.m2/repository/com/google/errorprone/error_prone_annotations/2.1.3/error_prone_annotations-2.1.3.jar:/Users/jahirul_akhi/.m2/repository/com/google/j2objc/j2objc-annotations/1.1/j2objc-annotations-1.1.jar:/Users/jahirul_akhi/.m2/repository/org/codehaus/mojo/animal-sniffer-annotations/1.14/animal-sniffer-annotations-1.14.jar:/Users/jahirul_akhi/.m2/repository/com/squareup/okhttp3/okhttp/3.11.0/okhttp-3.11.0.jar:/Users/jahirul_akhi/.m2/repository/com/squareup/okio/okio/1.14.0/okio-1.14.0.jar:/Users/jahirul_akhi/.m2/repository/org/testng/testng/6.14.3/testng-6.14.3.jar:/Users/jahirul_akhi/.m2/repository/com/beust/jcommander/1.72/jcommander-1.72.jar:/Users/jahirul_akhi/.m2/repository/org/apache-extras/beanshell/bsh/2.0b6/bsh-2.0b6.jar:/Users/jahirul_akhi/.m2/repository/io/cucumber/cucumber-java/7.3.4/cucumber-java-7.3.4.jar:/Users/jahirul_akhi/.m2/repository/io/cucumber/cucumber-core/7.3.4/cucumber-core-7.3.4.jar:/Users/jahirul_akhi/.m2/repository/io/cucumber/cucumber-gherkin/7.3.4/cucumber-gherkin-7.3.4.jar:/Users/jahirul_akhi/.m2/repository/io/cucumber/cucumber-gherkin-messages/7.3.4/cucumber-gherkin-messages-7.3.4.jar:/Users/jahirul_akhi/.m2/repository/io/cucumber/gherkin/23.0.1/gherkin-23.0.1.jar:/Users/jahirul_akhi/.m2/repository/io/cucumber/messages/18.0.0/messages-18.0.0.jar:/Users/jahirul_akhi/.m2/repository/io/cucumber/tag-expressions/4.1.0/tag-expressions-4.1.0.jar:/Users/jahirul_akhi/.m2/repository/io/cucumber/cucumber-expressions/15.1.1/cucumber-expressions-15.1.1.jar:/Users/jahirul_akhi/.m2/repository/io/cucumber/datatable/7.3.4/datatable-7.3.4.jar:/Users/jahirul_akhi/.m2/repository/io/cucumber/cucumber-plugin/7.3.4/cucumber-plugin-7.3.4.jar:/Users/jahirul_akhi/.m2/repository/io/cucumber/docstring/7.3.4/docstring-7.3.4.jar:/Users/jahirul_akhi/.m2/repository/io/cucumber/html-formatter/19.1.0/html-formatter-19.1.0.jar:/Users/jahirul_akhi/.m2/repository/io/cucumber/ci-environment/9.0.4/ci-environment-9.0.4.jar:/Users/jahirul_akhi/.m2/repository/org/apiguardian/apiguardian-api/1.1.2/apiguardian-api-1.1.2.jar:/Users/jahirul_akhi/.m2/repository/io/cucumber/cucumber-testng/7.3.4/cucumber-testng-7.3.4.jar:/Users/jahirul_akhi/.m2/repository/io/github/bonigarcia/webdrivermanager/5.0.3/webdrivermanager-5.0.3.jar:/Users/jahirul_akhi/.m2/repository/org/slf4j/slf4j-api/1.7.32/slf4j-api-1.7.32.jar:/Users/jahirul_akhi/.m2/repository/com/google/code/gson/gson/2.8.8/gson-2.8.8.jar:/Users/jahirul_akhi/.m2/repository/org/jsoup/jsoup/1.14.2/jsoup-1.14.2.jar:/Users/jahirul_akhi/.m2/repository/com/github/docker-java/docker-java/3.2.12/docker-java-3.2.12.jar:/Users/jahirul_akhi/.m2/repository/com/github/docker-java/docker-java-core/3.2.12/docker-java-core-3.2.12.jar:/Users/jahirul_akhi/.m2/repository/com/github/docker-java/docker-java-api/3.2.12/docker-java-api-3.2.12.jar:/Users/jahirul_akhi/.m2/repository/com/fasterxml/jackson/core/jackson-annotations/2.10.3/jackson-annotations-2.10.3.jar:/Users/jahirul_akhi/.m2/repository/commons-io/commons-io/2.6/commons-io-2.6.jar:/Users/jahirul_akhi/.m2/repository/org/apache/commons/commons-compress/1.21/commons-compress-1.21.jar:/Users/jahirul_akhi/.m2/repository/commons-lang/commons-lang/2.6/commons-lang-2.6.jar:/Users/jahirul_akhi/.m2/repository/com/fasterxml/jackson/core/jackson-databind/2.10.3/jackson-databind-2.10.3.jar:/Users/jahirul_akhi/.m2/repository/com/fasterxml/jackson/core/jackson-core/2.10.3/jackson-core-2.10.3.jar:/Users/jahirul_akhi/.m2/repository/org/bouncycastle/bcpkix-jdk15on/1.64/bcpkix-jdk15on-1.64.jar:/Users/jahirul_akhi/.m2/repository/org/bouncycastle/bcprov-jdk15on/1.64/bcprov-jdk15on-1.64.jar:/Users/jahirul_akhi/.m2/repository/org/slf4j/jcl-over-slf4j/1.7.30/jcl-over-slf4j-1.7.30.jar:/Users/jahirul_akhi/.m2/repository/com/github/docker-java/docker-java-transport-httpclient5/3.2.12/docker-java-transport-httpclient5-3.2.12.jar:/Users/jahirul_akhi/.m2/repository/com/github/docker-java/docker-java-transport/3.2.12/docker-java-transport-3.2.12.jar:/Users/jahirul_akhi/.m2/repository/org/apache/httpcomponents/client5/httpclient5/5.0.3/httpclient5-5.0.3.jar:/Users/jahirul_akhi/.m2/repository/org/apache/httpcomponents/core5/httpcore5/5.0.2/httpcore5-5.0.2.jar:/Users/jahirul_akhi/.m2/repository/commons-codec/commons-codec/1.13/commons-codec-1.13.jar:/Users/jahirul_akhi/.m2/repository/net/java/dev/jna/jna/5.8.0/jna-5.8.0.jar:/Users/jahirul_akhi/.m2/repository/org/brotli/dec/0.1.2/dec-0.1.2.jar:"/>
    <property name="java.vm.vendor" value="Oracle Corporation"/>
    <property name="sun.arch.data.model" value="64"/>
    <property name="java.vendor.url" value="https://openjdk.java.net/"/>
    <property name="user.timezone" value="America/New_York"/>
    <property name="java.vm.specification.version" value="11"/>
    <property name="os.name" value="Mac OS X"/>
    <property name="sun.java.launcher" value="SUN_STANDARD"/>
    <property name="user.country" value="US"/>
    <property name="sun.boot.library.path" value="/Library/Java/JavaVirtualMachines/jdk-11.0.15.jdk/Contents/Home/lib"/>
    <property name="sun.java.command" value="/Users/jahirul_akhi/eclipse-workspace/MajesticMay.QAF/target/surefire/surefirebooter-20220723143659322_3.jar /Users/jahirul_akhi/eclipse-workspace/MajesticMay.QAF/target/surefire 2022-07-23T14-36-59_023-jvmRun1 surefire-20220723143659322_1tmp surefire_0-20220723143659322_2tmp"/>
    <property name="http.nonProxyHosts" value="local|*.local|169.254/16|*.169.254/16"/>
    <property name="jdk.debug" value="release"/>
    <property name="surefire.test.class.path" value="/Users/jahirul_akhi/eclipse-workspace/MajesticMay.QAF/target/test-classes:/Users/jahirul_akhi/eclipse-workspace/MajesticMay.QAF/target/classes:/Users/jahirul_akhi/.m2/repository/org/seleniumhq/selenium/selenium-java/3.141.59/selenium-java-3.141.59.jar:/Users/jahirul_akhi/.m2/repository/org/seleniumhq/selenium/selenium-api/3.141.59/selenium-api-3.141.59.jar:/Users/jahirul_akhi/.m2/repository/org/seleniumhq/selenium/selenium-chrome-driver/3.141.59/selenium-chrome-driver-3.141.59.jar:/Users/jahirul_akhi/.m2/repository/org/seleniumhq/selenium/selenium-edge-driver/3.141.59/selenium-edge-driver-3.141.59.jar:/Users/jahirul_akhi/.m2/repository/org/seleniumhq/selenium/selenium-firefox-driver/3.141.59/selenium-firefox-driver-3.141.59.jar:/Users/jahirul_akhi/.m2/repository/org/seleniumhq/selenium/selenium-ie-driver/3.141.59/selenium-ie-driver-3.141.59.jar:/Users/jahirul_akhi/.m2/repository/org/seleniumhq/selenium/selenium-opera-driver/3.141.59/selenium-opera-driver-3.141.59.jar:/Users/jahirul_akhi/.m2/repository/org/seleniumhq/selenium/selenium-remote-driver/3.141.59/selenium-remote-driver-3.141.59.jar:/Users/jahirul_akhi/.m2/repository/org/seleniumhq/selenium/selenium-safari-driver/3.141.59/selenium-safari-driver-3.141.59.jar:/Users/jahirul_akhi/.m2/repository/org/seleniumhq/selenium/selenium-support/3.141.59/selenium-support-3.141.59.jar:/Users/jahirul_akhi/.m2/repository/net/bytebuddy/byte-buddy/1.8.15/byte-buddy-1.8.15.jar:/Users/jahirul_akhi/.m2/repository/org/apache/commons/commons-exec/1.3/commons-exec-1.3.jar:/Users/jahirul_akhi/.m2/repository/com/google/guava/guava/25.0-jre/guava-25.0-jre.jar:/Users/jahirul_akhi/.m2/repository/com/google/code/findbugs/jsr305/1.3.9/jsr305-1.3.9.jar:/Users/jahirul_akhi/.m2/repository/org/checkerframework/checker-compat-qual/2.0.0/checker-compat-qual-2.0.0.jar:/Users/jahirul_akhi/.m2/repository/com/google/errorprone/error_prone_annotations/2.1.3/error_prone_annotations-2.1.3.jar:/Users/jahirul_akhi/.m2/repository/com/google/j2objc/j2objc-annotations/1.1/j2objc-annotations-1.1.jar:/Users/jahirul_akhi/.m2/repository/org/codehaus/mojo/animal-sniffer-annotations/1.14/animal-sniffer-annotations-1.14.jar:/Users/jahirul_akhi/.m2/repository/com/squareup/okhttp3/okhttp/3.11.0/okhttp-3.11.0.jar:/Users/jahirul_akhi/.m2/repository/com/squareup/okio/okio/1.14.0/okio-1.14.0.jar:/Users/jahirul_akhi/.m2/repository/org/testng/testng/6.14.3/testng-6.14.3.jar:/Users/jahirul_akhi/.m2/repository/com/beust/jcommander/1.72/jcommander-1.72.jar:/Users/jahirul_akhi/.m2/repository/org/apache-extras/beanshell/bsh/2.0b6/bsh-2.0b6.jar:/Users/jahirul_akhi/.m2/repository/io/cucumber/cucumber-java/7.3.4/cucumber-java-7.3.4.jar:/Users/jahirul_akhi/.m2/repository/io/cucumber/cucumber-core/7.3.4/cucumber-core-7.3.4.jar:/Users/jahirul_akhi/.m2/repository/io/cucumber/cucumber-gherkin/7.3.4/cucumber-gherkin-7.3.4.jar:/Users/jahirul_akhi/.m2/repository/io/cucumber/cucumber-gherkin-messages/7.3.4/cucumber-gherkin-messages-7.3.4.jar:/Users/jahirul_akhi/.m2/repository/io/cucumber/gherkin/23.0.1/gherkin-23.0.1.jar:/Users/jahirul_akhi/.m2/repository/io/cucumber/messages/18.0.0/messages-18.0.0.jar:/Users/jahirul_akhi/.m2/repository/io/cucumber/tag-expressions/4.1.0/tag-expressions-4.1.0.jar:/Users/jahirul_akhi/.m2/repository/io/cucumber/cucumber-expressions/15.1.1/cucumber-expressions-15.1.1.jar:/Users/jahirul_akhi/.m2/repository/io/cucumber/datatable/7.3.4/datatable-7.3.4.jar:/Users/jahirul_akhi/.m2/repository/io/cucumber/cucumber-plugin/7.3.4/cucumber-plugin-7.3.4.jar:/Users/jahirul_akhi/.m2/repository/io/cucumber/docstring/7.3.4/docstring-7.3.4.jar:/Users/jahirul_akhi/.m2/repository/io/cucumber/html-formatter/19.1.0/html-formatter-19.1.0.jar:/Users/jahirul_akhi/.m2/repository/io/cucumber/ci-environment/9.0.4/ci-environment-9.0.4.jar:/Users/jahirul_akhi/.m2/repository/org/apiguardian/apiguardian-api/1.1.2/apiguardian-api-1.1.2.jar:/Users/jahirul_akhi/.m2/repository/io/cucumber/cucumber-testng/7.3.4/cucumber-testng-7.3.4.jar:/Users/jahirul_akhi/.m2/repository/io/github/bonigarcia/webdrivermanager/5.0.3/webdrivermanager-5.0.3.jar:/Users/jahirul_akhi/.m2/repository/org/slf4j/slf4j-api/1.7.32/slf4j-api-1.7.32.jar:/Users/jahirul_akhi/.m2/repository/com/google/code/gson/gson/2.8.8/gson-2.8.8.jar:/Users/jahirul_akhi/.m2/repository/org/jsoup/jsoup/1.14.2/jsoup-1.14.2.jar:/Users/jahirul_akhi/.m2/repository/com/github/docker-java/docker-java/3.2.12/docker-java-3.2.12.jar:/Users/jahirul_akhi/.m2/repository/com/github/docker-java/docker-java-core/3.2.12/docker-java-core-3.2.12.jar:/Users/jahirul_akhi/.m2/repository/com/github/docker-java/docker-java-api/3.2.12/docker-java-api-3.2.12.jar:/Users/jahirul_akhi/.m2/repository/com/fasterxml/jackson/core/jackson-annotations/2.10.3/jackson-annotations-2.10.3.jar:/Users/jahirul_akhi/.m2/repository/commons-io/commons-io/2.6/commons-io-2.6.jar:/Users/jahirul_akhi/.m2/repository/org/apache/commons/commons-compress/1.21/commons-compress-1.21.jar:/Users/jahirul_akhi/.m2/repository/commons-lang/commons-lang/2.6/commons-lang-2.6.jar:/Users/jahirul_akhi/.m2/repository/com/fasterxml/jackson/core/jackson-databind/2.10.3/jackson-databind-2.10.3.jar:/Users/jahirul_akhi/.m2/repository/com/fasterxml/jackson/core/jackson-core/2.10.3/jackson-core-2.10.3.jar:/Users/jahirul_akhi/.m2/repository/org/bouncycastle/bcpkix-jdk15on/1.64/bcpkix-jdk15on-1.64.jar:/Users/jahirul_akhi/.m2/repository/org/bouncycastle/bcprov-jdk15on/1.64/bcprov-jdk15on-1.64.jar:/Users/jahirul_akhi/.m2/repository/org/slf4j/jcl-over-slf4j/1.7.30/jcl-over-slf4j-1.7.30.jar:/Users/jahirul_akhi/.m2/repository/com/github/docker-java/docker-java-transport-httpclient5/3.2.12/docker-java-transport-httpclient5-3.2.12.jar:/Users/jahirul_akhi/.m2/repository/com/github/docker-java/docker-java-transport/3.2.12/docker-java-transport-3.2.12.jar:/Users/jahirul_akhi/.m2/repository/org/apache/httpcomponents/client5/httpclient5/5.0.3/httpclient5-5.0.3.jar:/Users/jahirul_akhi/.m2/repository/org/apache/httpcomponents/core5/httpcore5/5.0.2/httpcore5-5.0.2.jar:/Users/jahirul_akhi/.m2/repository/commons-codec/commons-codec/1.13/commons-codec-1.13.jar:/Users/jahirul_akhi/.m2/repository/net/java/dev/jna/jna/5.8.0/jna-5.8.0.jar:/Users/jahirul_akhi/.m2/repository/org/brotli/dec/0.1.2/dec-0.1.2.jar:"/>
    <property name="sun.cpu.endian" value="little"/>
    <property name="user.home" value="/Users/jahirul_akhi"/>
    <property name="user.language" value="en"/>
    <property name="java.specification.vendor" value="Oracle Corporation"/>
    <property name="java.version.date" value="2022-04-19"/>
    <property name="java.home" value="/Library/Java/JavaVirtualMachines/jdk-11.0.15.jdk/Contents/Home"/>
    <property name="file.separator" value="/"/>
    <property name="basedir" value="/Users/jahirul_akhi/eclipse-workspace/MajesticMay.QAF"/>
    <property name="java.vm.compressedOopsMode" value="Zero based"/>
    <property name="line.separator" value="&#10;"/>
    <property name="java.specification.name" value="Java Platform API Specification"/>
    <property name="java.vm.specification.vendor" value="Oracle Corporation"/>
    <property name="java.awt.graphicsenv" value="sun.awt.CGraphicsEnvironment"/>
    <property name="surefire.real.class.path" value="/Users/jahirul_akhi/eclipse-workspace/MajesticMay.QAF/target/surefire/surefirebooter-20220723143659322_3.jar"/>
    <property name="sun.management.compiler" value="HotSpot 64-Bit Tiered Compilers"/>
    <property name="ftp.nonProxyHosts" value="local|*.local|169.254/16|*.169.254/16"/>
    <property name="java.runtime.version" value="11.0.15+8-LTS-149"/>
    <property name="user.name" value="jahirul_akhi"/>
    <property name="path.separator" value=":"/>
    <property name="os.version" value="12.4"/>
    <property name="java.runtime.name" value="Java(TM) SE Runtime Environment"/>
    <property name="file.encoding" value="UTF-8"/>
    <property name="java.vm.name" value="Java HotSpot(TM) 64-Bit Server VM"/>
    <property name="java.vendor.version" value="18.9"/>
    <property name="localRepository" value="/Users/jahirul_akhi/.m2/repository"/>
    <property name="java.vendor.url.bug" value="https://bugreport.java.com/bugreport/"/>
    <property name="java.io.tmpdir" value="/var/folders/1h/4kzgs3p11kj92t5jmf63bfkr0000gn/T/"/>
    <property name="java.version" value="11.0.15"/>
    <property name="user.dir" value="/Users/jahirul_akhi/eclipse-workspace/MajesticMay.QAF"/>
    <property name="os.arch" value="x86_64"/>
    <property name="java.vm.specification.name" value="Java Virtual Machine Specification"/>
    <property name="java.awt.printerjob" value="sun.lwawt.macosx.CPrinterJob"/>
    <property name="sun.os.patch.level" value="unknown"/>
    <property name="java.library.path" value="/Users/jahirul_akhi/Library/Java/Extensions:/Library/Java/Extensions:/Network/Library/Java/Extensions:/System/Library/Java/Extensions:/usr/lib/java:."/>
    <property name="java.vendor" value="Oracle Corporation"/>
    <property name="java.vm.info" value="mixed mode"/>
    <property name="java.vm.version" value="11.0.15+8-LTS-149"/>
    <property name="sun.io.unicode.encoding" value="UnicodeBig"/>
    <property name="java.class.version" value="55.0"/>
    <property name="socksNonProxyHosts" value="local|*.local|169.254/16|*.169.254/16"/>
  </properties>
  <testcase name="setUpClass[org.testng.TestRunner@65a15628](0)" classname="com.careerhack.runners.SmokeTestRunner" time="0.971">
    <failure message="Invalid tag expression at &apos;com.careerhack.runners.SmokeTestRunner&apos;" type="java.lang.IllegalArgumentException"><![CDATA[java.lang.IllegalArgumentException: Invalid tag expression at 'com.careerhack.runners.SmokeTestRunner'
	at io.cucumber.core.options.CucumberOptionsAnnotationParser.addTags(CucumberOptionsAnnotationParser.java:78)
	at io.cucumber.core.options.CucumberOptionsAnnotationParser.parse(CucumberOptionsAnnotationParser.java:40)
	at io.cucumber.testng.TestNGCucumberRunner.<init>(TestNGCucumberRunner.java:85)
	at io.cucumber.testng.AbstractTestNGCucumberTests.setUpClass(AbstractTestNGCucumberTests.java:27)
	at java.base/jdk.internal.reflect.NativeMethodAccessorImpl.invoke0(Native Method)
	at java.base/jdk.internal.reflect.NativeMethodAccessorImpl.invoke(NativeMethodAccessorImpl.java:62)
	at java.base/jdk.internal.reflect.DelegatingMethodAccessorImpl.invoke(DelegatingMethodAccessorImpl.java:43)
	at java.base/java.lang.reflect.Method.invoke(Method.java:566)
	at org.testng.internal.MethodInvocationHelper.invokeMethod(MethodInvocationHelper.java:124)
	at org.testng.internal.MethodInvocationHelper.invokeMethodConsideringTimeout(MethodInvocationHelper.java:59)
	at org.testng.internal.Invoker.invokeConfigurationMethod(Invoker.java:458)
	at org.testng.internal.Invoker.invokeConfigurations(Invoker.java:222)
	at org.testng.internal.Invoker.invokeConfigurations(Invoker.java:142)
	at org.testng.internal.TestMethodWorker.invokeBeforeClassMethods(TestMethodWorker.java:168)
	at org.testng.internal.TestMethodWorker.run(TestMethodWorker.java:105)
	at org.testng.TestRunner.privateRun(TestRunner.java:648)
	at org.testng.TestRunner.run(TestRunner.java:505)
	at org.testng.SuiteRunner.runTest(SuiteRunner.java:455)
	at org.testng.SuiteRunner.runSequentially(SuiteRunner.java:450)
	at org.testng.SuiteRunner.privateRun(SuiteRunner.java:415)
	at org.testng.SuiteRunner.run(SuiteRunner.java:364)
	at org.testng.SuiteRunnerWorker.runSuite(SuiteRunnerWorker.java:52)
	at org.testng.SuiteRunnerWorker.run(SuiteRunnerWorker.java:84)
	at org.testng.TestNG.runSuitesSequentially(TestNG.java:1208)
	at org.testng.TestNG.runSuitesLocally(TestNG.java:1137)
	at org.testng.TestNG.runSuites(TestNG.java:1049)
	at org.testng.TestNG.run(TestNG.java:1017)
	at org.apache.maven.surefire.testng.TestNGExecutor.run(TestNGExecutor.java:324)
	at org.apache.maven.surefire.testng.TestNGXmlTestSuite.execute(TestNGXmlTestSuite.java:74)
	at org.apache.maven.surefire.testng.TestNGProvider.invoke(TestNGProvider.java:123)
	at org.apache.maven.surefire.booter.ForkedBooter.runSuitesInProcess(ForkedBooter.java:456)
	at org.apache.maven.surefire.booter.ForkedBooter.execute(ForkedBooter.java:169)
	at org.apache.maven.surefire.booter.ForkedBooter.run(ForkedBooter.java:595)
	at org.apache.maven.surefire.booter.ForkedBooter.main(ForkedBooter.java:581)
Caused by: io.cucumber.tagexpressions.TagExpressionException: Tag expression '@simpleSearchExample2 @simpleSearchExample1' could not be parsed because of syntax error: expected operator
	at io.cucumber.tagexpressions.TagExpressionParser.check(TagExpressionParser.java:136)
	at io.cucumber.tagexpressions.TagExpressionParser.parse(TagExpressionParser.java:74)
	at io.cucumber.tagexpressions.TagExpressionParser.parse(TagExpressionParser.java:27)
	at io.cucumber.core.options.CucumberOptionsAnnotationParser.addTags(CucumberOptionsAnnotationParser.java:76)
	... 33 more
]]></failure>
    <system-out><![CDATA[[TestNGContentHandler] [WARN] It is strongly recommended to add "<!DOCTYPE suite SYSTEM "http://testng.org/testng-1.0.dtd" >" at the top of your file, otherwise TestNG may fail or not work as expected.
]]></system-out>
  </testcase>
</testsuite>