<?xml version="1.0" encoding="UTF-8"?>
<!-- Generated by org.testng.reporters.JUnitReportReporter -->
<testsuite hostname="MDs-MacBook-Pro-2.local" failures="0" tests="2" name="com.careerhack.runners.SmokeTestRunner" time="10.033" errors="0" timestamp="10 Jul 2022 20:03:03 GMT" skipped="0">
  <testcase classname="com.careerhack.runners.SmokeTestRunner" name="runScenario" time="5.517"/>
  <testcase classname="com.careerhack.runners.SmokeTestRunner" name="runScenario" time="4.516"/>
</testsuite> <!-- com.careerhack.runners.SmokeTestRunner -->
